[2019-11-13 18:51:03.925] [exthost] [info] extension host started
[2019-11-13 18:51:03.925] [exthost] [info] ExtensionService#_doActivateExtension vscode.debug-auto-launch {"startup":true,"extensionId":{"value":"vscode.debug-auto-launch","_lower":"vscode.debug-auto-launch"},"activationEvent":"*"}
[2019-11-13 18:51:03.925] [exthost] [info] ExtensionService#loadCommonJSModule file:///usr/share/code/resources/app/extensions/debug-auto-launch/dist/extension
[2019-11-13 18:51:03.925] [exthost] [info] ExtensionService#_doActivateExtension vscode.emmet {"startup":true,"extensionId":{"value":"vscode.emmet","_lower":"vscode.emmet"},"activationEvent":"*"}
[2019-11-13 18:51:03.925] [exthost] [info] ExtensionService#loadCommonJSModule file:///usr/share/code/resources/app/extensions/emmet/dist/extension
[2019-11-13 18:51:03.925] [exthost] [info] ExtensionService#_doActivateExtension vscode.git {"startup":true,"extensionId":{"value":"vscode.git","_lower":"vscode.git"},"activationEvent":"*"}
[2019-11-13 18:51:03.925] [exthost] [info] ExtensionService#loadCommonJSModule file:///usr/share/code/resources/app/extensions/git/dist/main
[2019-11-13 18:51:03.925] [exthost] [info] ExtensionService#_doActivateExtension vscode.merge-conflict {"startup":true,"extensionId":{"value":"vscode.merge-conflict","_lower":"vscode.merge-conflict"},"activationEvent":"*"}
[2019-11-13 18:51:03.925] [exthost] [info] ExtensionService#loadCommonJSModule file:///usr/share/code/resources/app/extensions/merge-conflict/dist/extension
[2019-11-13 18:51:03.925] [exthost] [info] ExtensionService#_doActivateExtension EditorConfig.EditorConfig {"startup":true,"extensionId":{"value":"EditorConfig.EditorConfig","_lower":"editorconfig.editorconfig"},"activationEvent":"*"}
[2019-11-13 18:51:03.925] [exthost] [info] ExtensionService#loadCommonJSModule file:///home/neeyks/.vscode/extensions/editorconfig.editorconfig-0.14.2/out/editorConfigMain.js
[2019-11-13 18:51:03.925] [exthost] [info] ExtensionService#_doActivateExtension esbenp.prettier-vscode {"startup":true,"extensionId":{"value":"esbenp.prettier-vscode","_lower":"esbenp.prettier-vscode"},"activationEvent":"*"}
[2019-11-13 18:51:03.925] [exthost] [info] ExtensionService#loadCommonJSModule file:///home/neeyks/.vscode/extensions/esbenp.prettier-vscode-3.4.1/dist/extension
[2019-11-13 18:51:03.925] [exthost] [info] ExtensionService#_doActivateExtension HookyQR.beautify {"startup":true,"extensionId":{"value":"HookyQR.beautify","_lower":"hookyqr.beautify"},"activationEvent":"*"}
[2019-11-13 18:51:03.925] [exthost] [info] ExtensionService#loadCommonJSModule file:///home/neeyks/.vscode/extensions/hookyqr.beautify-1.5.0/extension
[2019-11-13 18:51:03.925] [exthost] [info] ExtensionService#_doActivateExtension johnpapa.vscode-peacock {"startup":true,"extensionId":{"value":"johnpapa.vscode-peacock","_lower":"johnpapa.vscode-peacock"},"activationEvent":"*"}
[2019-11-13 18:51:03.925] [exthost] [info] ExtensionService#loadCommonJSModule file:///home/neeyks/.vscode/extensions/johnpapa.vscode-peacock-3.2.0/dist/extension
[2019-11-13 18:51:03.925] [exthost] [info] ExtensionService#_doActivateExtension nrwl.angular-console {"startup":true,"extensionId":{"value":"nrwl.angular-console","_lower":"nrwl.angular-console"},"activationEvent":"*"}
[2019-11-13 18:51:03.925] [exthost] [info] ExtensionService#loadCommonJSModule file:///home/neeyks/.vscode/extensions/nrwl.angular-console-9.0.0/main.js
[2019-11-13 18:51:03.925] [exthost] [info] ExtensionService#_doActivateExtension PKief.material-icon-theme {"startup":true,"extensionId":{"value":"PKief.material-icon-theme","_lower":"pkief.material-icon-theme"},"activationEvent":"*"}
[2019-11-13 18:51:03.925] [exthost] [info] ExtensionService#loadCommonJSModule file:///home/neeyks/.vscode/extensions/pkief.material-icon-theme-3.9.1/dist/extension
[2019-11-13 18:51:03.925] [exthost] [info] eager extensions activated
[2019-11-13 18:51:04.161] [exthost] [info] ExtensionService#_doActivateExtension vscode.configuration-editing {"startup":false,"extensionId":{"value":"vscode.configuration-editing","_lower":"vscode.configuration-editing"},"activationEvent":"onLanguage:jsonc"}
[2019-11-13 18:51:04.161] [exthost] [info] ExtensionService#loadCommonJSModule file:///usr/share/code/resources/app/extensions/configuration-editing/dist/extension
[2019-11-13 18:51:04.165] [exthost] [info] ExtensionService#_doActivateExtension vscode.json-language-features {"startup":false,"extensionId":{"value":"vscode.json-language-features","_lower":"vscode.json-language-features"},"activationEvent":"onLanguage:jsonc"}
[2019-11-13 18:51:04.165] [exthost] [info] ExtensionService#loadCommonJSModule file:///usr/share/code/resources/app/extensions/json-language-features/client/dist/jsonMain
[2019-11-13 18:51:04.216] [exthost] [info] ExtensionService#_doActivateExtension vscode.typescript-language-features {"startup":false,"extensionId":{"value":"vscode.typescript-language-features","_lower":"vscode.typescript-language-features"},"activationEvent":"onLanguage:jsonc"}
[2019-11-13 18:51:04.216] [exthost] [info] ExtensionService#loadCommonJSModule file:///usr/share/code/resources/app/extensions/typescript-language-features/dist/extension
[2019-11-13 18:52:36.911] [exthost] [info] extension host started
[2019-11-13 18:52:36.918] [exthost] [info] ExtensionService#_doActivateExtension vscode.debug-auto-launch {"startup":true,"extensionId":{"value":"vscode.debug-auto-launch","_lower":"vscode.debug-auto-launch"},"activationEvent":"*"}
[2019-11-13 18:52:36.919] [exthost] [info] ExtensionService#loadCommonJSModule file:///usr/share/code/resources/app/extensions/debug-auto-launch/dist/extension
[2019-11-13 18:52:36.922] [exthost] [info] ExtensionService#_doActivateExtension vscode.emmet {"startup":true,"extensionId":{"value":"vscode.emmet","_lower":"vscode.emmet"},"activationEvent":"*"}
[2019-11-13 18:52:36.922] [exthost] [info] ExtensionService#loadCommonJSModule file:///usr/share/code/resources/app/extensions/emmet/dist/extension
[2019-11-13 18:52:36.942] [exthost] [info] ExtensionService#_doActivateExtension vscode.git {"startup":true,"extensionId":{"value":"vscode.git","_lower":"vscode.git"},"activationEvent":"*"}
[2019-11-13 18:52:36.942] [exthost] [info] ExtensionService#loadCommonJSModule file:///usr/share/code/resources/app/extensions/git/dist/main
[2019-11-13 18:52:36.978] [exthost] [info] ExtensionService#_doActivateExtension vscode.merge-conflict {"startup":true,"extensionId":{"value":"vscode.merge-conflict","_lower":"vscode.merge-conflict"},"activationEvent":"*"}
[2019-11-13 18:52:36.978] [exthost] [info] ExtensionService#loadCommonJSModule file:///usr/share/code/resources/app/extensions/merge-conflict/dist/extension
[2019-11-13 18:52:36.980] [exthost] [info] ExtensionService#_doActivateExtension EditorConfig.EditorConfig {"startup":true,"extensionId":{"value":"EditorConfig.EditorConfig","_lower":"editorconfig.editorconfig"},"activationEvent":"*"}
[2019-11-13 18:52:36.980] [exthost] [info] ExtensionService#loadCommonJSModule file:///home/neeyks/.vscode/extensions/editorconfig.editorconfig-0.14.2/out/editorConfigMain.js
[2019-11-13 18:52:36.994] [exthost] [info] ExtensionService#_doActivateExtension esbenp.prettier-vscode {"startup":true,"extensionId":{"value":"esbenp.prettier-vscode","_lower":"esbenp.prettier-vscode"},"activationEvent":"*"}
[2019-11-13 18:52:36.994] [exthost] [info] ExtensionService#loadCommonJSModule file:///home/neeyks/.vscode/extensions/esbenp.prettier-vscode-3.4.1/dist/extension
[2019-11-13 18:52:37.062] [exthost] [info] ExtensionService#_doActivateExtension HookyQR.beautify {"startup":true,"extensionId":{"value":"HookyQR.beautify","_lower":"hookyqr.beautify"},"activationEvent":"*"}
[2019-11-13 18:52:37.062] [exthost] [info] ExtensionService#loadCommonJSModule file:///home/neeyks/.vscode/extensions/hookyqr.beautify-1.5.0/extension
[2019-11-13 18:52:37.084] [exthost] [info] ExtensionService#_doActivateExtension johnpapa.vscode-peacock {"startup":true,"extensionId":{"value":"johnpapa.vscode-peacock","_lower":"johnpapa.vscode-peacock"},"activationEvent":"*"}
[2019-11-13 18:52:37.084] [exthost] [info] ExtensionService#loadCommonJSModule file:///home/neeyks/.vscode/extensions/johnpapa.vscode-peacock-3.2.0/dist/extension
[2019-11-13 18:52:37.086] [exthost] [info] ExtensionService#_doActivateExtension nrwl.angular-console {"startup":true,"extensionId":{"value":"nrwl.angular-console","_lower":"nrwl.angular-console"},"activationEvent":"*"}
[2019-11-13 18:52:37.086] [exthost] [info] ExtensionService#loadCommonJSModule file:///home/neeyks/.vscode/extensions/nrwl.angular-console-9.0.0/main.js
[2019-11-13 18:52:37.340] [exthost] [info] ExtensionService#_doActivateExtension PKief.material-icon-theme {"startup":true,"extensionId":{"value":"PKief.material-icon-theme","_lower":"pkief.material-icon-theme"},"activationEvent":"*"}
[2019-11-13 18:52:37.340] [exthost] [info] ExtensionService#loadCommonJSModule file:///home/neeyks/.vscode/extensions/pkief.material-icon-theme-3.9.1/dist/extension
[2019-11-13 18:52:37.534] [exthost] [info] ExtensionService#_doActivateExtension felixfbecker.php-intellisense {"startup":true,"extensionId":{"value":"felixfbecker.php-intellisense","_lower":"felixfbecker.php-intellisense"},"activationEvent":"workspaceContains:**/*.php"}
[2019-11-13 18:52:37.534] [exthost] [info] ExtensionService#loadCommonJSModule file:///home/neeyks/.vscode/extensions/felixfbecker.php-intellisense-2.3.13/out/extension
[2019-11-13 18:52:37.655] [exthost] [info] eager extensions activated
[2019-11-13 18:52:40.371] [exthost] [info] ExtensionService#_doActivateExtension vscode.php-language-features {"startup":false,"extensionId":{"value":"vscode.php-language-features","_lower":"vscode.php-language-features"},"activationEvent":"onLanguage:php"}
[2019-11-13 18:52:40.371] [exthost] [info] ExtensionService#loadCommonJSModule file:///usr/share/code/resources/app/extensions/php-language-features/dist/phpMain
[2019-11-13 18:52:40.381] [exthost] [info] ExtensionService#_doActivateExtension bmewburn.vscode-intelephense-client {"startup":false,"extensionId":{"value":"bmewburn.vscode-intelephense-client","_lower":"bmewburn.vscode-intelephense-client"},"activationEvent":"onLanguage:php"}
[2019-11-13 18:52:40.381] [exthost] [info] ExtensionService#loadCommonJSModule file:///home/neeyks/.vscode/extensions/bmewburn.vscode-intelephense-client-1.2.3/lib/extension
[2019-11-13 19:15:43.966] [exthost] [info] ExtensionService#_doActivateExtension vscode.html-language-features {"startup":false,"extensionId":{"value":"vscode.html-language-features","_lower":"vscode.html-language-features"},"activationEvent":"onLanguage:html"}
[2019-11-13 19:15:43.966] [exthost] [info] ExtensionService#loadCommonJSModule file:///usr/share/code/resources/app/extensions/html-language-features/client/dist/htmlMain
